extensions-source/core/build/intermediates/manifest_merge_blame_file/debug/processDebugManifest/manifest-merger-blame-debug-report.txt
1<?xml version="1.0" encoding="utf-8"?>
2<manifest xmlns:android="http://schemas.android.com/apk/res/android"
3    package="eu.kanade.tachiyomi.extension.core" >
4
5    <uses-sdk android:minSdkVersion="21" />
6
7    <uses-feature android:name="tachiyomi.extension" />
7-->extensions-source\core\AndroidManifest.xml:4:5-56
7-->extensions-source\core\AndroidManifest.xml:4:19-53
8
9    <application
9-->extensions-source\core\AndroidManifest.xml:6:5-11:19
10        android:allowBackup="false"
10-->extensions-source\core\AndroidManifest.xml:6:53-80
11        android:icon="@mipmap/ic_launcher"
11-->extensions-source\core\AndroidManifest.xml:6:18-52
12        android:label="${appName}" >
12-->extensions-source\core\AndroidManifest.xml:6:81-107
13        <meta-data
13-->extensions-source\core\AndroidManifest.xml:8:9-91
14            android:name="tachiyomi.extension.class"
14-->extensions-source\core\AndroidManifest.xml:8:20-60
15            android:value="${extClass}" />
15-->extensions-source\core\AndroidManifest.xml:8:61-88
16        <meta-data
16-->extensions-source\core\AndroidManifest.xml:9:9-86
17            android:name="tachiyomi.extension.nsfw"
17-->extensions-source\core\AndroidManifest.xml:9:20-59
18            android:value="${nsfw}" />
18-->extensions-source\core\AndroidManifest.xml:9:60-83
19    </application>
20
21</manifest>